\BOOKMARK [0][-]{chapter.1}{Introduction}{}% 1
\BOOKMARK [1][-]{section.1.1}{Motivation for research \(Problem statement\)}{chapter.1}% 2
\BOOKMARK [1][-]{section.1.2}{Research question}{chapter.1}% 3
\BOOKMARK [2][-]{subsection.1.2.1}{Main}{section.1.2}% 4
\BOOKMARK [2][-]{subsection.1.2.2}{Sub-questions}{section.1.2}% 5
\BOOKMARK [1][-]{section.1.3}{Funding}{chapter.1}% 6
\BOOKMARK [1][-]{section.1.4}{Education}{chapter.1}% 7
\BOOKMARK [1][-]{section.1.5}{Teaching}{chapter.1}% 8
\BOOKMARK [1][-]{section.1.6}{Schedule}{chapter.1}% 9
\BOOKMARK [0][-]{chapter.2}{Papers}{}% 10
\BOOKMARK [1][-]{section.2.1}{First paper}{chapter.2}% 11
\BOOKMARK [2][-]{subsection.2.1.1}{Subquestion}{section.2.1}% 12
\BOOKMARK [2][-]{subsection.2.1.2}{Elaboration}{section.2.1}% 13
\BOOKMARK [2][-]{subsection.2.1.3}{Resources}{section.2.1}% 14
\BOOKMARK [2][-]{subsection.2.1.4}{Support}{section.2.1}% 15
\BOOKMARK [2][-]{subsection.2.1.5}{Conferences and visits}{section.2.1}% 16
\BOOKMARK [2][-]{subsection.2.1.6}{Time schedule}{section.2.1}% 17
\BOOKMARK [1][-]{section.2.2}{Second paper}{chapter.2}% 18
\BOOKMARK [2][-]{subsection.2.2.1}{Subquestion}{section.2.2}% 19
\BOOKMARK [2][-]{subsection.2.2.2}{Elaboration}{section.2.2}% 20
\BOOKMARK [2][-]{subsection.2.2.3}{Resources}{section.2.2}% 21
\BOOKMARK [2][-]{subsection.2.2.4}{Support}{section.2.2}% 22
\BOOKMARK [2][-]{subsection.2.2.5}{Conferences and visits}{section.2.2}% 23
\BOOKMARK [2][-]{subsection.2.2.6}{Time schedule}{section.2.2}% 24
\BOOKMARK [0][-]{appendix*.4}{Bibliography}{}% 25
